{"level":"info","message":"Cloudinary service initialized successfully","timestamp":"2025-06-30T15:41:18.878Z"}
{"level":"warn","message":"Firebase service disabled or misconfigured","timestamp":"2025-06-30T15:41:18.916Z"}
{"level":"info","message":"Servidor rodando na porta 3000","timestamp":"2025-06-30T15:41:18.947Z"}
{"level":"info","message":"Cloudinary connection test passed","timestamp":"2025-06-30T15:41:19.020Z"}
{"level":"info","message":"Redis adapter for Socket.IO connected.","timestamp":"2025-06-30T15:41:19.213Z"}
{"level":"info","message":"Cache service initialized successfully","timestamp":"2025-06-30T15:41:19.321Z"}
{"level":"info","message":"Cloudinary service initialized successfully","timestamp":"2025-06-30T17:39:37.156Z"}
{"level":"info","message":"Firebase service initialized successfully","timestamp":"2025-06-30T17:39:37.247Z"}
{"level":"info","message":"Servidor rodando na porta 3000","timestamp":"2025-06-30T17:39:37.346Z"}
{"level":"info","message":"Firebase connection test passed","timestamp":"2025-06-30T17:39:37.351Z"}
{"level":"info","message":"Cloudinary connection test passed","timestamp":"2025-06-30T17:39:37.459Z"}
{"level":"info","message":"Redis adapter for Socket.IO connected.","timestamp":"2025-06-30T17:39:37.629Z"}
{"level":"info","message":"Cache service initialized successfully","timestamp":"2025-06-30T17:39:37.736Z"}
{"level":"info","message":"Cloudinary service initialized successfully","timestamp":"2025-06-30T17:40:41.560Z"}
{"level":"info","message":"Firebase service initialized successfully","timestamp":"2025-06-30T17:40:41.626Z"}
{"level":"info","message":"Servidor rodando na porta 3000","timestamp":"2025-06-30T17:40:41.739Z"}
{"level":"info","message":"Firebase connection test passed","timestamp":"2025-06-30T17:40:41.745Z"}
{"level":"info","message":"Cloudinary connection test passed","timestamp":"2025-06-30T17:40:41.890Z"}
{"level":"info","message":"Redis adapter for Socket.IO connected.","timestamp":"2025-06-30T17:40:42.041Z"}
{"level":"info","message":"Cache service initialized successfully","timestamp":"2025-06-30T17:40:42.163Z"}
{"level":"info","message":"Cloudinary service initialized successfully","timestamp":"2025-06-30T17:42:03.827Z"}
{"level":"info","message":"Firebase service initialized successfully","timestamp":"2025-06-30T17:42:03.888Z"}
{"level":"info","message":"Servidor rodando na porta 3000","timestamp":"2025-06-30T17:42:03.995Z"}
{"level":"info","message":"Firebase connection test passed","timestamp":"2025-06-30T17:42:03.999Z"}
{"level":"info","message":"Cloudinary connection test passed","timestamp":"2025-06-30T17:42:04.097Z"}
{"level":"info","message":"Redis adapter for Socket.IO connected.","timestamp":"2025-06-30T17:42:04.286Z"}
{"level":"info","message":"Cache service initialized successfully","timestamp":"2025-06-30T17:42:04.401Z"}
{"level":"info","message":"Cloudinary service initialized successfully","timestamp":"2025-06-30T17:42:23.799Z"}
{"level":"info","message":"Firebase service initialized successfully","timestamp":"2025-06-30T17:42:23.859Z"}
{"level":"info","message":"Servidor rodando na porta 3000","timestamp":"2025-06-30T17:42:23.962Z"}
{"level":"info","message":"Firebase connection test passed","timestamp":"2025-06-30T17:42:23.966Z"}
{"level":"info","message":"Cloudinary connection test passed","timestamp":"2025-06-30T17:42:24.071Z"}
{"level":"info","message":"Redis adapter for Socket.IO connected.","timestamp":"2025-06-30T17:42:24.252Z"}
{"level":"info","message":"Cache service initialized successfully","timestamp":"2025-06-30T17:42:24.371Z"}
{"error":{},"level":"error","message":"200 - The CORS policy for this site does not allow access from the specified Origin. - /api/auth/login - POST - 35.191.90.186","requestId":"unknown","stack":"Error: The CORS policy for this site does not allow access from the specified Origin.\n    at origin (/home/ubuntu/backend_project/server.js:246:23)\n    at /home/ubuntu/backend_project/node_modules/cors/lib/index.js:219:13\n    at optionsCallback (/home/ubuntu/backend_project/node_modules/cors/lib/index.js:199:9)\n    at corsMiddleware (/home/ubuntu/backend_project/node_modules/cors/lib/index.js:204:7)\n    at /home/ubuntu/backend_project/node_modules/@sentry-internal/tracing/cjs/node/integrations/express.js:112:12\n    at Layer.handleRequest (/home/ubuntu/backend_project/node_modules/router/lib/layer.js:152:17)\n    at trimPrefix (/home/ubuntu/backend_project/node_modules/router/index.js:342:13)\n    at /home/ubuntu/backend_project/node_modules/router/index.js:297:9\n    at processParams (/home/ubuntu/backend_project/node_modules/router/index.js:582:12)\n    at next (/home/ubuntu/backend_project/node_modules/router/index.js:291:5)","timestamp":"2025-06-30T17:54:08.355Z","user":null}
{"error":{},"level":"error","message":"200 - The CORS policy for this site does not allow access from the specified Origin. - /api/auth/login - POST - 35.191.90.187","requestId":"unknown","stack":"Error: The CORS policy for this site does not allow access from the specified Origin.\n    at origin (/home/ubuntu/backend_project/server.js:246:23)\n    at /home/ubuntu/backend_project/node_modules/cors/lib/index.js:219:13\n    at optionsCallback (/home/ubuntu/backend_project/node_modules/cors/lib/index.js:199:9)\n    at corsMiddleware (/home/ubuntu/backend_project/node_modules/cors/lib/index.js:204:7)\n    at /home/ubuntu/backend_project/node_modules/@sentry-internal/tracing/cjs/node/integrations/express.js:112:12\n    at Layer.handleRequest (/home/ubuntu/backend_project/node_modules/router/lib/layer.js:152:17)\n    at trimPrefix (/home/ubuntu/backend_project/node_modules/router/index.js:342:13)\n    at /home/ubuntu/backend_project/node_modules/router/index.js:297:9\n    at processParams (/home/ubuntu/backend_project/node_modules/router/index.js:582:12)\n    at next (/home/ubuntu/backend_project/node_modules/router/index.js:291:5)","timestamp":"2025-06-30T17:54:10.855Z","user":null}
{"error":{},"level":"error","message":"200 - The CORS policy for this site does not allow access from the specified Origin. - /api/auth/login - POST - 35.191.90.187","requestId":"unknown","stack":"Error: The CORS policy for this site does not allow access from the specified Origin.\n    at origin (/home/ubuntu/backend_project/server.js:246:23)\n    at /home/ubuntu/backend_project/node_modules/cors/lib/index.js:219:13\n    at optionsCallback (/home/ubuntu/backend_project/node_modules/cors/lib/index.js:199:9)\n    at corsMiddleware (/home/ubuntu/backend_project/node_modules/cors/lib/index.js:204:7)\n    at /home/ubuntu/backend_project/node_modules/@sentry-internal/tracing/cjs/node/integrations/express.js:112:12\n    at Layer.handleRequest (/home/ubuntu/backend_project/node_modules/router/lib/layer.js:152:17)\n    at trimPrefix (/home/ubuntu/backend_project/node_modules/router/index.js:342:13)\n    at /home/ubuntu/backend_project/node_modules/router/index.js:297:9\n    at processParams (/home/ubuntu/backend_project/node_modules/router/index.js:582:12)\n    at next (/home/ubuntu/backend_project/node_modules/router/index.js:291:5)","timestamp":"2025-06-30T17:54:35.730Z","user":null}
{"error":{},"level":"error","message":"200 - The CORS policy for this site does not allow access from the specified Origin. - /api/auth/login - POST - 35.191.90.185","requestId":"unknown","stack":"Error: The CORS policy for this site does not allow access from the specified Origin.\n    at origin (/home/ubuntu/backend_project/server.js:246:23)\n    at /home/ubuntu/backend_project/node_modules/cors/lib/index.js:219:13\n    at optionsCallback (/home/ubuntu/backend_project/node_modules/cors/lib/index.js:199:9)\n    at corsMiddleware (/home/ubuntu/backend_project/node_modules/cors/lib/index.js:204:7)\n    at /home/ubuntu/backend_project/node_modules/@sentry-internal/tracing/cjs/node/integrations/express.js:112:12\n    at Layer.handleRequest (/home/ubuntu/backend_project/node_modules/router/lib/layer.js:152:17)\n    at trimPrefix (/home/ubuntu/backend_project/node_modules/router/index.js:342:13)\n    at /home/ubuntu/backend_project/node_modules/router/index.js:297:9\n    at processParams (/home/ubuntu/backend_project/node_modules/router/index.js:582:12)\n    at next (/home/ubuntu/backend_project/node_modules/router/index.js:291:5)","timestamp":"2025-06-30T17:54:36.813Z","user":null}
{"error":{},"level":"error","message":"200 - The CORS policy for this site does not allow access from the specified Origin. - /api/auth/login - POST - 35.191.105.180","requestId":"unknown","stack":"Error: The CORS policy for this site does not allow access from the specified Origin.\n    at origin (/home/ubuntu/backend_project/server.js:246:23)\n    at /home/ubuntu/backend_project/node_modules/cors/lib/index.js:219:13\n    at optionsCallback (/home/ubuntu/backend_project/node_modules/cors/lib/index.js:199:9)\n    at corsMiddleware (/home/ubuntu/backend_project/node_modules/cors/lib/index.js:204:7)\n    at /home/ubuntu/backend_project/node_modules/@sentry-internal/tracing/cjs/node/integrations/express.js:112:12\n    at Layer.handleRequest (/home/ubuntu/backend_project/node_modules/router/lib/layer.js:152:17)\n    at trimPrefix (/home/ubuntu/backend_project/node_modules/router/index.js:342:13)\n    at /home/ubuntu/backend_project/node_modules/router/index.js:297:9\n    at processParams (/home/ubuntu/backend_project/node_modules/router/index.js:582:12)\n    at next (/home/ubuntu/backend_project/node_modules/router/index.js:291:5)","timestamp":"2025-06-30T17:55:26.804Z","user":null}
{"error":{},"level":"error","message":"200 - The CORS policy for this site does not allow access from the specified Origin. - /api/auth/login - POST - 35.191.23.211","requestId":"unknown","stack":"Error: The CORS policy for this site does not allow access from the specified Origin.\n    at origin (/home/ubuntu/backend_project/server.js:246:23)\n    at /home/ubuntu/backend_project/node_modules/cors/lib/index.js:219:13\n    at optionsCallback (/home/ubuntu/backend_project/node_modules/cors/lib/index.js:199:9)\n    at corsMiddleware (/home/ubuntu/backend_project/node_modules/cors/lib/index.js:204:7)\n    at /home/ubuntu/backend_project/node_modules/@sentry-internal/tracing/cjs/node/integrations/express.js:112:12\n    at Layer.handleRequest (/home/ubuntu/backend_project/node_modules/router/lib/layer.js:152:17)\n    at trimPrefix (/home/ubuntu/backend_project/node_modules/router/index.js:342:13)\n    at /home/ubuntu/backend_project/node_modules/router/index.js:297:9\n    at processParams (/home/ubuntu/backend_project/node_modules/router/index.js:582:12)\n    at next (/home/ubuntu/backend_project/node_modules/router/index.js:291:5)","timestamp":"2025-06-30T17:59:36.866Z","user":null}
{"error":{},"level":"error","message":"200 - The CORS policy for this site does not allow access from the specified Origin. - /api/auth/login - POST - 35.191.23.210","requestId":"unknown","stack":"Error: The CORS policy for this site does not allow access from the specified Origin.\n    at origin (/home/ubuntu/backend_project/server.js:246:23)\n    at /home/ubuntu/backend_project/node_modules/cors/lib/index.js:219:13\n    at optionsCallback (/home/ubuntu/backend_project/node_modules/cors/lib/index.js:199:9)\n    at corsMiddleware (/home/ubuntu/backend_project/node_modules/cors/lib/index.js:204:7)\n    at /home/ubuntu/backend_project/node_modules/@sentry-internal/tracing/cjs/node/integrations/express.js:112:12\n    at Layer.handleRequest (/home/ubuntu/backend_project/node_modules/router/lib/layer.js:152:17)\n    at trimPrefix (/home/ubuntu/backend_project/node_modules/router/index.js:342:13)\n    at /home/ubuntu/backend_project/node_modules/router/index.js:297:9\n    at processParams (/home/ubuntu/backend_project/node_modules/router/index.js:582:12)\n    at next (/home/ubuntu/backend_project/node_modules/router/index.js:291:5)","timestamp":"2025-06-30T17:59:43.533Z","user":null}
{"level":"info","message":"Cloudinary service initialized successfully","timestamp":"2025-06-30T18:09:24.868Z"}
{"level":"info","message":"Firebase service initialized successfully","timestamp":"2025-06-30T18:09:24.931Z"}
{"level":"info","message":"Servidor rodando na porta 3000","timestamp":"2025-06-30T18:09:25.030Z"}
{"level":"info","message":"Firebase connection test passed","timestamp":"2025-06-30T18:09:25.035Z"}
{"level":"info","message":"Cloudinary connection test passed","timestamp":"2025-06-30T18:09:25.117Z"}
{"level":"info","message":"Redis adapter for Socket.IO connected.","timestamp":"2025-06-30T18:09:25.315Z"}
{"level":"info","message":"Cache service initialized successfully","timestamp":"2025-06-30T18:09:25.436Z"}
{"level":"info","message":"Cloudinary service initialized successfully","timestamp":"2025-06-30T18:11:54.004Z"}
{"level":"info","message":"Firebase service initialized successfully","timestamp":"2025-06-30T18:11:54.064Z"}
{"level":"info","message":"Servidor rodando na porta 3000","timestamp":"2025-06-30T18:11:54.167Z"}
{"level":"info","message":"Firebase connection test passed","timestamp":"2025-06-30T18:11:54.171Z"}
{"level":"info","message":"Cloudinary connection test passed","timestamp":"2025-06-30T18:11:54.255Z"}
{"level":"info","message":"Redis adapter for Socket.IO connected.","timestamp":"2025-06-30T18:11:54.454Z"}
{"level":"info","message":"Cache service initialized successfully","timestamp":"2025-06-30T18:11:54.573Z"}
